2023-02-22 08:29:21,608 [Worker-2: Loading available Gradle versions] INFO  o.e.b.c.i.u.g.PublishedGradleVersions - Gradle version information cache is up-to-date. Trying to read.
2023-02-22 08:29:51,293 [Worker-1: Building] INFO  o.e.m.c.i.l.LifecycleMappingFactory - Using org.eclipse.m2e.jdt.JarLifecycleMapping lifecycle mapping for MavenProject: com.shopme:ShopmeBackEnd:0.0.1-SNAPSHOT @ F:\git pj\shopme-clone\ShopmeProject\ShopmeWebParent\ShopmeBackEnd\pom.xml.
2023-02-22 08:29:51,293 [Worker-0: Updating Maven Dependencies] INFO  o.e.m.c.i.l.LifecycleMappingFactory - Using org.eclipse.m2e.jdt.JarLifecycleMapping lifecycle mapping for MavenProject: com.shopme:ShopmeCommon:0.0.1-SNAPSHOT @ F:\git pj\shopme-clone\ShopmeProject\ShopmeCommon\pom.xml.
2023-02-22 08:29:52,698 [Worker-1: Building] INFO  o.a.m.s.f.DefaultMavenResourcesFiltering - Copying 1 resource
2023-02-22 08:29:52,715 [Worker-1: Building] INFO  o.a.m.s.f.DefaultMavenResourcesFiltering - Copying 1 resource
2023-02-22 08:29:52,719 [Worker-1: Building] INFO  o.a.m.s.f.DefaultMavenResourcesFiltering - skip non existing resourceDirectory F:\git pj\shopme-clone\ShopmeProject\ShopmeWebParent\ShopmeBackEnd\src\test\resources
2023-02-22 08:29:53,075 [Worker-3: Building] INFO  o.a.m.s.f.DefaultMavenResourcesFiltering - Copying 1 resource
2023-02-22 08:29:53,077 [Worker-3: Building] INFO  o.a.m.s.f.DefaultMavenResourcesFiltering - Copying 1 resource
2023-02-22 08:29:53,080 [Worker-3: Building] INFO  o.a.m.s.f.DefaultMavenResourcesFiltering - skip non existing resourceDirectory F:\git pj\shopme-clone\ShopmeProject\ShopmeWebParent\ShopmeBackEnd\src\test\resources
2023-02-22 08:29:53,317 [Worker-3: Building] INFO  o.e.m.c.i.l.LifecycleMappingFactory - Using org.eclipse.m2e.jdt.JarLifecycleMapping lifecycle mapping for MavenProject: com.shopme:ShopmeCommon:0.0.1-SNAPSHOT @ F:\git pj\shopme-clone\ShopmeProject\ShopmeCommon\pom.xml.
2023-02-22 08:29:53,597 [Worker-3: Building] INFO  o.a.m.s.f.DefaultMavenResourcesFiltering - Copying 1 resource
2023-02-22 08:29:53,609 [Worker-3: Building] INFO  o.a.m.s.f.DefaultMavenResourcesFiltering - Copying 0 resource
2023-02-22 08:29:53,612 [Worker-3: Building] INFO  o.a.m.s.f.DefaultMavenResourcesFiltering - skip non existing resourceDirectory F:\git pj\shopme-clone\ShopmeProject\ShopmeCommon\src\test\resources
2023-02-22 08:29:53,841 [Worker-3: Building] INFO  o.e.m.c.i.l.LifecycleMappingFactory - Using org.eclipse.m2e.jdt.JarLifecycleMapping lifecycle mapping for MavenProject: com.shopme:ShopmeFrontEnd:0.0.1-SNAPSHOT @ F:\git pj\shopme-clone\ShopmeProject\ShopmeWebParent\ShopmeFrontEnd\pom.xml.
2023-02-22 08:29:54,163 [Worker-3: Building] INFO  o.a.m.s.f.DefaultMavenResourcesFiltering - Copying 1 resource
2023-02-22 08:29:54,175 [Worker-3: Building] INFO  o.a.m.s.f.DefaultMavenResourcesFiltering - Copying 1 resource
2023-02-22 08:29:54,178 [Worker-3: Building] INFO  o.a.m.s.f.DefaultMavenResourcesFiltering - skip non existing resourceDirectory F:\git pj\shopme-clone\ShopmeProject\ShopmeWebParent\ShopmeFrontEnd\src\test\resources
2023-02-22 08:29:54,658 [Worker-3: Building] INFO  o.e.m.c.i.l.LifecycleMappingFactory - Using NULL lifecycle mapping for MavenProject: com.shopme:ShopmeWebParent:0.0.1-SNAPSHOT @ F:\git pj\shopme-clone\ShopmeProject\ShopmeWebParent\pom.xml.
2023-02-22 08:29:54,803 [Worker-3: Building] INFO  o.e.m.c.i.l.LifecycleMappingFactory - Using org.eclipse.m2e.jdt.JarLifecycleMapping lifecycle mapping for MavenProject: com.shopme:ShopmeBackEnd:0.0.1-SNAPSHOT @ F:\git pj\shopme-clone\ShopmeProject\ShopmeWebParent\ShopmeBackEnd\pom.xml.
2023-02-22 08:29:54,852 [Worker-3: Building] INFO  o.e.m.c.i.l.LifecycleMappingFactory - Using org.eclipse.m2e.jdt.JarLifecycleMapping lifecycle mapping for MavenProject: com.shopme:ShopmeFrontEnd:0.0.1-SNAPSHOT @ F:\git pj\shopme-clone\ShopmeProject\ShopmeWebParent\ShopmeFrontEnd\pom.xml.
2023-02-22 08:29:55,972 [Worker-8: Updating Maven Dependencies] INFO  o.e.m.c.i.l.LifecycleMappingFactory - Using org.eclipse.m2e.jdt.JarLifecycleMapping lifecycle mapping for MavenProject: com.shopme:ShopmeCommon:0.0.1-SNAPSHOT @ F:\git pj\shopme-clone\ShopmeProject\ShopmeCommon\pom.xml.
2023-02-22 08:29:56,334 [Worker-10: Building] INFO  o.a.m.s.f.DefaultMavenResourcesFiltering - Copying 0 resource
2023-02-22 08:29:56,334 [Worker-10: Building] INFO  o.a.m.s.f.DefaultMavenResourcesFiltering - Copying 0 resource
2023-02-22 08:29:56,337 [Worker-10: Building] INFO  o.a.m.s.f.DefaultMavenResourcesFiltering - skip non existing resourceDirectory F:\git pj\shopme-clone\ShopmeProject\ShopmeWebParent\ShopmeBackEnd\src\test\resources
2023-02-22 08:29:56,395 [Worker-10: Building] INFO  o.a.m.s.f.DefaultMavenResourcesFiltering - Copying 1 resource
2023-02-22 08:29:56,405 [Worker-10: Building] INFO  o.a.m.s.f.DefaultMavenResourcesFiltering - Copying 0 resource
2023-02-22 08:29:56,408 [Worker-10: Building] INFO  o.a.m.s.f.DefaultMavenResourcesFiltering - skip non existing resourceDirectory F:\git pj\shopme-clone\ShopmeProject\ShopmeCommon\src\test\resources
2023-02-22 08:29:56,547 [Worker-10: Building] INFO  o.a.m.s.f.DefaultMavenResourcesFiltering - Copying 1 resource
2023-02-22 08:29:56,563 [Worker-10: Building] INFO  o.a.m.s.f.DefaultMavenResourcesFiltering - Copying 1 resource
2023-02-22 08:29:56,566 [Worker-10: Building] INFO  o.a.m.s.f.DefaultMavenResourcesFiltering - skip non existing resourceDirectory F:\git pj\shopme-clone\ShopmeProject\ShopmeWebParent\ShopmeFrontEnd\src\test\resources
2023-03-13 18:41:24,365 [Worker-2: Loading available Gradle versions] INFO  o.e.b.c.i.u.g.PublishedGradleVersions - Gradle version information cache is up-to-date. Trying to read.
2023-03-13 18:41:26,772 [Worker-5: Building] WARN  o.e.m.c.i.embedder.EclipseLogger - The artifact mysql:mysql-connector-java:jar:8.0.32 has been relocated to com.mysql:mysql-connector-j:jar:8.0.32: MySQL Connector/J artifacts moved to reverse-DNS compliant Maven 2+ coordinates.
2023-03-13 18:41:26,794 [Worker-5: Building] INFO  o.e.m.c.i.p.WorkspaceClassifierResolverManager - Resolving P/ShopmeCommon: com.shopme:ShopmeCommon:0.0.1-SNAPSHOT with classifier  to /ShopmeCommon/target/classes
2023-03-13 18:41:26,821 [Worker-5: Building] WARN  o.e.m.c.i.embedder.EclipseLogger - The artifact mysql:mysql-connector-java:jar:8.0.32 has been relocated to com.mysql:mysql-connector-j:jar:8.0.32: MySQL Connector/J artifacts moved to reverse-DNS compliant Maven 2+ coordinates.
2023-03-13 18:41:26,838 [Worker-5: Building] INFO  o.e.m.c.i.p.WorkspaceClassifierResolverManager - Resolving P/ShopmeCommon: com.shopme:ShopmeCommon:0.0.1-SNAPSHOT with classifier  to /ShopmeCommon/target/classes
2023-03-13 18:41:27,375 [Worker-5: Building] INFO  o.e.m.c.i.l.LifecycleMappingFactory - Using org.eclipse.m2e.jdt.JarLifecycleMapping lifecycle mapping for MavenProject: com.shopme:ShopmeBackEnd:0.0.1-SNAPSHOT @ F:\git pj\shopme-clone\ShopmeProject\ShopmeWebParent\ShopmeBackEnd\pom.xml.
2023-03-13 18:41:27,586 [Worker-5: Building] WARN  o.e.m.c.i.embedder.EclipseLogger - The artifact mysql:mysql-connector-java:jar:8.0.32 has been relocated to com.mysql:mysql-connector-j:jar:8.0.32: MySQL Connector/J artifacts moved to reverse-DNS compliant Maven 2+ coordinates.
2023-03-13 18:41:27,602 [Worker-5: Building] INFO  o.e.m.c.i.p.WorkspaceClassifierResolverManager - Resolving P/ShopmeCommon: com.shopme:ShopmeCommon:0.0.1-SNAPSHOT with classifier  to /ShopmeCommon/target/classes
2023-03-13 18:41:28,233 [Worker-5: Building] INFO  o.a.m.s.f.DefaultMavenResourcesFiltering - Copying 1 resource
2023-03-13 18:41:28,248 [Worker-5: Building] INFO  o.a.m.s.f.DefaultMavenResourcesFiltering - Copying 1 resource
2023-03-13 18:41:28,253 [Worker-5: Building] INFO  o.a.m.s.f.DefaultMavenResourcesFiltering - skip non existing resourceDirectory F:\git pj\shopme-clone\ShopmeProject\ShopmeWebParent\ShopmeBackEnd\src\test\resources
2023-03-13 18:41:28,548 [Worker-5: Building] INFO  o.a.m.s.f.DefaultMavenResourcesFiltering - Copying 1 resource
2023-03-13 18:41:28,551 [Worker-5: Building] INFO  o.a.m.s.f.DefaultMavenResourcesFiltering - Copying 32 resources
2023-03-13 18:41:28,674 [Worker-5: Building] INFO  o.a.m.s.f.DefaultMavenResourcesFiltering - skip non existing resourceDirectory F:\git pj\shopme-clone\ShopmeProject\ShopmeWebParent\ShopmeBackEnd\src\test\resources
2023-03-13 18:41:29,066 [Worker-5: Building] INFO  o.a.m.s.f.DefaultMavenResourcesFiltering - Copying 1 resource
2023-03-13 18:41:29,077 [Worker-5: Building] INFO  o.a.m.s.f.DefaultMavenResourcesFiltering - Copying 0 resource
2023-03-13 18:41:29,080 [Worker-5: Building] INFO  o.a.m.s.f.DefaultMavenResourcesFiltering - skip non existing resourceDirectory F:\git pj\shopme-clone\ShopmeProject\ShopmeCommon\src\test\resources
2023-03-13 18:41:29,480 [Worker-5: Building] WARN  o.e.m.c.i.embedder.EclipseLogger - The artifact mysql:mysql-connector-java:jar:8.0.32 has been relocated to com.mysql:mysql-connector-j:jar:8.0.32: MySQL Connector/J artifacts moved to reverse-DNS compliant Maven 2+ coordinates.
2023-03-13 18:41:29,497 [Worker-5: Building] INFO  o.e.m.c.i.p.WorkspaceClassifierResolverManager - Resolving P/ShopmeCommon: com.shopme:ShopmeCommon:0.0.1-SNAPSHOT with classifier  to /ShopmeCommon/target/classes
2023-03-13 18:41:30,113 [Worker-5: Building] INFO  o.e.m.c.i.l.LifecycleMappingFactory - Using NULL lifecycle mapping for MavenProject: com.shopme:ShopmeWebParent:0.0.1-SNAPSHOT @ F:\git pj\shopme-clone\ShopmeProject\ShopmeWebParent\pom.xml.
2023-03-13 18:41:30,297 [Worker-5: Building] WARN  o.e.m.c.i.embedder.EclipseLogger - The artifact mysql:mysql-connector-java:jar:8.0.32 has been relocated to com.mysql:mysql-connector-j:jar:8.0.32: MySQL Connector/J artifacts moved to reverse-DNS compliant Maven 2+ coordinates.
2023-03-13 18:41:30,311 [Worker-5: Building] INFO  o.e.m.c.i.p.WorkspaceClassifierResolverManager - Resolving P/ShopmeCommon: com.shopme:ShopmeCommon:0.0.1-SNAPSHOT with classifier  to /ShopmeCommon/target/classes
2023-03-13 18:41:30,484 [Worker-5: Building] INFO  o.e.m.c.i.l.LifecycleMappingFactory - Using org.eclipse.m2e.jdt.JarLifecycleMapping lifecycle mapping for MavenProject: com.shopme:ShopmeFrontEnd:0.0.1-SNAPSHOT @ F:\git pj\shopme-clone\ShopmeProject\ShopmeWebParent\ShopmeFrontEnd\pom.xml.
2023-03-13 18:41:30,490 [Worker-5: Building] WARN  o.e.m.c.i.embedder.EclipseLogger - The artifact mysql:mysql-connector-java:jar:8.0.32 has been relocated to com.mysql:mysql-connector-j:jar:8.0.32: MySQL Connector/J artifacts moved to reverse-DNS compliant Maven 2+ coordinates.
2023-03-13 18:41:30,505 [Worker-5: Building] INFO  o.e.m.c.i.p.WorkspaceClassifierResolverManager - Resolving P/ShopmeCommon: com.shopme:ShopmeCommon:0.0.1-SNAPSHOT with classifier  to /ShopmeCommon/target/classes
2023-03-13 18:41:30,594 [Worker-5: Building] INFO  o.e.m.c.i.l.LifecycleMappingFactory - Using org.eclipse.m2e.jdt.JarLifecycleMapping lifecycle mapping for MavenProject: com.shopme:ShopmeBackEnd:0.0.1-SNAPSHOT @ F:\git pj\shopme-clone\ShopmeProject\ShopmeWebParent\ShopmeBackEnd\pom.xml.
2023-03-13 18:41:30,603 [Worker-5: Building] WARN  o.e.m.c.i.embedder.EclipseLogger - The artifact mysql:mysql-connector-java:jar:8.0.32 has been relocated to com.mysql:mysql-connector-j:jar:8.0.32: MySQL Connector/J artifacts moved to reverse-DNS compliant Maven 2+ coordinates.
2023-03-13 18:41:30,618 [Worker-5: Building] INFO  o.e.m.c.i.p.WorkspaceClassifierResolverManager - Resolving P/ShopmeCommon: com.shopme:ShopmeCommon:0.0.1-SNAPSHOT with classifier  to /ShopmeCommon/target/classes
2023-03-13 18:41:32,213 [Worker-6: Building] INFO  o.a.m.s.f.DefaultMavenResourcesFiltering - Copying 0 resource
2023-03-13 18:41:32,213 [Worker-6: Building] INFO  o.a.m.s.f.DefaultMavenResourcesFiltering - Copying 0 resource
2023-03-13 18:41:32,215 [Worker-6: Building] INFO  o.a.m.s.f.DefaultMavenResourcesFiltering - skip non existing resourceDirectory F:\git pj\shopme-clone\ShopmeProject\ShopmeWebParent\ShopmeBackEnd\src\test\resources
2023-03-13 18:41:32,464 [Worker-6: Building] INFO  o.a.m.s.f.DefaultMavenResourcesFiltering - Copying 1 resource
2023-03-13 18:41:32,477 [Worker-6: Building] INFO  o.a.m.s.f.DefaultMavenResourcesFiltering - Copying 1 resource
2023-03-13 18:41:32,481 [Worker-6: Building] INFO  o.a.m.s.f.DefaultMavenResourcesFiltering - skip non existing resourceDirectory F:\git pj\shopme-clone\ShopmeProject\ShopmeWebParent\ShopmeFrontEnd\src\test\resources
2023-03-13 18:42:53,747 [Worker-11: Launching ShopmeBackEnd - ShopmeBackEndApplication] INFO  o.e.m.c.i.p.WorkspaceClassifierResolverManager - Resolving P/ShopmeCommon: com.shopme:ShopmeCommon:0.0.1-SNAPSHOT with classifier null to /ShopmeCommon/target/classes
2023-03-13 18:42:53,857 [Worker-11: Launching ShopmeBackEnd - ShopmeBackEndApplication] INFO  o.e.m.c.i.p.WorkspaceClassifierResolverManager - Resolving P/ShopmeCommon: com.shopme:ShopmeCommon:0.0.1-SNAPSHOT with classifier null to /ShopmeCommon/target/classes
2023-03-13 18:42:53,966 [Worker-11: Launching ShopmeBackEnd - ShopmeBackEndApplication] INFO  o.e.m.c.i.p.WorkspaceClassifierResolverManager - Resolving P/ShopmeCommon: com.shopme:ShopmeCommon:0.0.1-SNAPSHOT with classifier null to /ShopmeCommon/target/classes
